<?xml version="1.0" encoding="UTF-8"?>
<testsuites>
  <testsuite name="fastlane.lanes">
    
    
    
      
      <testcase classname="fastlane.lanes" name="0: default_platform" time="0.00058">
        
      </testcase>
    
      
      <testcase classname="fastlane.lanes" name="1: clean assembleRelease" time="60.125381">
        
          <failure message="/usr/local/Cellar/fastlane/2.205.0/libexec/gems/fastlane-2.205.0/fastlane/lib/fastlane/actions/actions_helper.rb:67:in `execute_action&apos;&#10;/usr/local/Cellar/fastlane/2.205.0/libexec/gems/fastlane-2.205.0/fastlane/lib/fastlane/runner.rb:255:in `block in execute_action&apos;&#10;/usr/local/Cellar/fastlane/2.205.0/libexec/gems/fastlane-2.205.0/fastlane/lib/fastlane/runner.rb:229:in `chdir&apos;&#10;/usr/local/Cellar/fastlane/2.205.0/libexec/gems/fastlane-2.205.0/fastlane/lib/fastlane/runner.rb:229:in `execute_action&apos;&#10;/usr/local/Cellar/fastlane/2.205.0/libexec/gems/fastlane-2.205.0/fastlane/lib/fastlane/runner.rb:157:in `trigger_action_by_name&apos;&#10;/usr/local/Cellar/fastlane/2.205.0/libexec/gems/fastlane-2.205.0/fastlane/lib/fastlane/fast_file.rb:159:in `method_missing&apos;&#10;Fastfile:35:in `block (2 levels) in parsing_binding&apos;&#10;/usr/local/Cellar/fastlane/2.205.0/libexec/gems/fastlane-2.205.0/fastlane/lib/fastlane/lane.rb:33:in `call&apos;&#10;/usr/local/Cellar/fastlane/2.205.0/libexec/gems/fastlane-2.205.0/fastlane/lib/fastlane/runner.rb:49:in `block in execute&apos;&#10;/usr/local/Cellar/fastlane/2.205.0/libexec/gems/fastlane-2.205.0/fastlane/lib/fastlane/runner.rb:45:in `chdir&apos;&#10;/usr/local/Cellar/fastlane/2.205.0/libexec/gems/fastlane-2.205.0/fastlane/lib/fastlane/runner.rb:45:in `execute&apos;&#10;/usr/local/Cellar/fastlane/2.205.0/libexec/gems/fastlane-2.205.0/fastlane/lib/fastlane/lane_manager.rb:47:in `cruise_lane&apos;&#10;/usr/local/Cellar/fastlane/2.205.0/libexec/gems/fastlane-2.205.0/fastlane/lib/fastlane/command_line_handler.rb:36:in `handle&apos;&#10;/usr/local/Cellar/fastlane/2.205.0/libexec/gems/fastlane-2.205.0/fastlane/lib/fastlane/commands_generator.rb:110:in `block (2 levels) in run&apos;&#10;/usr/local/Cellar/fastlane/2.205.0/libexec/gems/commander-4.6.0/lib/commander/command.rb:187:in `call&apos;&#10;/usr/local/Cellar/fastlane/2.205.0/libexec/gems/commander-4.6.0/lib/commander/command.rb:157:in `run&apos;&#10;/usr/local/Cellar/fastlane/2.205.0/libexec/gems/commander-4.6.0/lib/commander/runner.rb:444:in `run_active_command&apos;&#10;/usr/local/Cellar/fastlane/2.205.0/libexec/gems/fastlane-2.205.0/fastlane_core/lib/fastlane_core/ui/fastlane_runner.rb:124:in `run!&apos;&#10;/usr/local/Cellar/fastlane/2.205.0/libexec/gems/commander-4.6.0/lib/commander/delegates.rb:18:in `run!&apos;&#10;/usr/local/Cellar/fastlane/2.205.0/libexec/gems/fastlane-2.205.0/fastlane/lib/fastlane/commands_generator.rb:354:in `run&apos;&#10;/usr/local/Cellar/fastlane/2.205.0/libexec/gems/fastlane-2.205.0/fastlane/lib/fastlane/commands_generator.rb:43:in `start&apos;&#10;/usr/local/Cellar/fastlane/2.205.0/libexec/gems/fastlane-2.205.0/fastlane/lib/fastlane/cli_tools_distributor.rb:122:in `take_off&apos;&#10;/usr/local/Cellar/fastlane/2.205.0/libexec/gems/fastlane-2.205.0/bin/fastlane:23:in `&lt;top (required)&gt;&apos;&#10;/usr/local/Cellar/fastlane/2.205.0/libexec/bin/fastlane:25:in `load&apos;&#10;/usr/local/Cellar/fastlane/2.205.0/libexec/bin/fastlane:25:in `&lt;main&gt;&apos;&#10;&#10;Exit status of command &apos;/Users/douglas/tdc-2022/musdoo/android/gradlew clean assembleRelease -p .&apos; was 1 instead of 0.&#10;&gt; Task :clean&#10;&gt; Task :app:clean UP-TO-DATE&#10;&gt; Task :path_provider_android:clean UP-TO-DATE&#10;&gt; Task :app:compileFlutterBuildRelease&#10;&gt; Task :app:packLibsflutterBuildRelease&#10;&gt; Task :app:preBuild UP-TO-DATE&#10;&gt; Task :app:extractProguardFiles&#10;&gt; Task :app:preReleaseBuild&#10;&gt; Task :path_provider_android:preBuild UP-TO-DATE&#10;&gt; Task :path_provider_android:preReleaseBuild UP-TO-DATE&#10;&gt; Task :path_provider_android:compileReleaseAidl NO-SOURCE&#10;&gt; Task :app:compileReleaseAidl NO-SOURCE&#10;&gt; Task :path_provider_android:packageReleaseRenderscript NO-SOURCE&#10;&gt; Task :app:compileReleaseRenderscript NO-SOURCE&#10;&gt; Task :app:generateReleaseBuildConfig&#10;&gt; Task :app:cleanMergeReleaseAssets UP-TO-DATE&#10;&gt; Task :path_provider_android:writeReleaseAarMetadata&#10;&gt; Task :app:mergeReleaseShaders&#10;&gt; Task :app:compileReleaseShaders NO-SOURCE&#10;&gt; Task :app:generateReleaseAssets UP-TO-DATE&#10;&gt; Task :path_provider_android:mergeReleaseShaders&#10;&gt; Task :app:checkReleaseAarMetadata&#10;&gt; Task :path_provider_android:compileReleaseShaders NO-SOURCE&#10;&gt; Task :path_provider_android:generateReleaseAssets UP-TO-DATE&#10;&gt; Task :path_provider_android:packageReleaseAssets&#10;&gt; Task :app:mergeReleaseAssets&#10;&gt; Task :app:copyFlutterAssetsRelease&#10;&gt; Task :app:generateReleaseResValues&#10;&gt; Task :app:generateReleaseResources&#10;&gt; Task :app:processReleaseGoogleServices&#10;&gt; Task :path_provider_android:compileReleaseRenderscript NO-SOURCE&#10;&gt; Task :path_provider_android:generateReleaseResValues&#10;&gt; Task :path_provider_android:generateReleaseResources&#10;&gt; Task :path_provider_android:packageReleaseResources&#10;&gt; Task :app:createReleaseCompatibleScreenManifests&#10;&gt; Task :app:extractDeepLinksRelease&#10;&gt; Task :path_provider_android:extractDeepLinksRelease&#10;&gt; Task :path_provider_android:generateReleaseBuildConfig&#10;&gt; Task :path_provider_android:javaPreCompileRelease&#10;&gt; Task :app:javaPreCompileRelease&#10;&gt; Task :app:buildKotlinToolingMetadata&#10;&gt; Task :path_provider_android:prepareLintJarForPublish&#10;&gt; Task :app:mergeReleaseNativeDebugMetadata NO-SOURCE&#10;&gt; Task :app:mergeReleaseResources&#10;&gt; Task :path_provider_android:processReleaseManifest&#10;&gt; Task :path_provider_android:parseReleaseLocalResources&#10;&gt; Task :app:compressReleaseAssets&#10;&gt; Task :app:checkReleaseDuplicateClasses&#10;&gt; Task :app:processReleaseMainManifest&#10;&gt; Task :app:processReleaseManifest&#10;&gt; Task :app:processReleaseJavaRes NO-SOURCE&#10;&gt; Task :path_provider_android:processReleaseJavaRes NO-SOURCE&#10;&gt; Task :path_provider_android:bundleLibResRelease NO-SOURCE&#10;&gt; Task :path_provider_android:generateReleaseRFile&#10;&gt; Task :app:collectReleaseDependencies&#10;&gt; Task :app:sdkReleaseDependencyData&#10;&gt; Task :app:mergeReleaseJniLibFolders&#10;&gt; Task :path_provider_android:compileReleaseJavaWithJavac FAILED&#10;&gt; Task :app:processReleaseManifestForPackage&#10;&#10;FAILURE: Build failed with an exception.&#10;&#10;* What went wrong:&#10;Execution failed for task &apos;:path_provider_android:compileReleaseJavaWithJavac&apos;.&#10;&gt; Could not find tools.jar. Please check that /Library/Internet Plug-Ins/JavaAppletPlugin.plugin/Contents/Home contains a valid JDK installation.&#10;&#10;* Try:&#10;Run with --stacktrace option to get the stack trace. Run with --info or --debug option to get more log output. Run with --scan to get full insights.&#10;&#10;* Get more help at https://help.gradle.org&#10;&#10;Deprecated Gradle features were used in this build, making it incompatible with Gradle 7.0.&#10;Use &apos;--warning-mode all&apos; to show the individual deprecation warnings.&#10;See https://docs.gradle.org/6.7/userguide/command_line_interface.html#sec:command_line_warnings&#10;&#10;BUILD FAILED in 59s&#10;40 actionable tasks: 37 executed, 3 up-to-date&#10;" />
        
      </testcase>
    
  </testsuite>
</testsuites>
