SF:lib/model/task_model.dart
DA:8,2
DA:11,0
DA:12,0
DA:13,0
DA:14,0
DA:15,0
DA:19,0
DA:20,0
DA:21,0
DA:22,0
DA:23,0
DA:27,0
DA:29,0
DA:30,0
LF:14
LH:1
end_of_record
SF:lib/widgets/task_list.dart
DA:5,3
DA:6,3
DA:11,3
DA:13,3
DA:15,3
DA:16,3
DA:17,2
DA:18,1
DA:19,1
DA:20,3
DA:21,1
DA:23,1
DA:25,1
DA:26,1
DA:27,3
DA:31,1
DA:33,3
DA:35,1
DA:37,1
DA:39,1
DA:40,1
DA:44,1
DA:46,0
DA:56,3
DA:57,3
LF:25
LH:24
end_of_record
SF:lib/pages/homepage.dart
DA:8,2
DA:12,2
DA:13,2
DA:18,2
DA:19,2
DA:20,2
DA:25,4
DA:27,0
DA:28,0
DA:29,0
DA:36,2
DA:38,2
DA:39,2
DA:40,6
DA:42,2
DA:43,2
DA:44,2
DA:45,0
DA:46,0
DA:47,0
DA:52,2
DA:53,2
DA:54,2
LF:23
LH:17
end_of_record
SF:lib/widgets/add_task_widget.dart
DA:6,4
DA:10,2
DA:12,2
DA:13,2
DA:14,2
DA:16,2
DA:18,2
DA:19,2
DA:24,2
DA:26,2
DA:27,2
DA:42,2
DA:44,2
DA:47,2
DA:62,2
DA:63,1
DA:64,3
DA:65,2
DA:66,2
DA:68,1
DA:70,2
DA:72,2
DA:73,2
LF:23
LH:23
end_of_record
